2016-05-16 16:05:48 =ERROR REPORT====
** Generic server <0.266.0> terminating 
** Last message in was {route,"/"}
** When Server state == {state,letrassolidarias,["ls_index_controller"],45086,49183,53280}
** Reason for termination == 
** {badarg,[{erlang,list_to_atom,[undefined],[]},{boss_router_controller,route,2,[{file,"src/boss/boss_router_controller.erl"},{line,182}]},{boss_router_controller,handle_call,3,[{file,"src/boss/boss_router_controller.erl"},{line,76}]},{gen_server,try_handle_call,4,[{file,"gen_server.erl"},{line,629}]},{gen_server,handle_msg,5,[{file,"gen_server.erl"},{line,661}]},{proc_lib,init_p_do_apply,3,[{file,"proc_lib.erl"},{line,240}]}]}
2016-05-16 16:05:48 =CRASH REPORT====
  crasher:
    initial call: boss_router_controller:init/1
    pid: <0.266.0>
    registered_name: []
    exception exit: {{badarg,[{erlang,list_to_atom,[undefined],[]},{boss_router_controller,route,2,[{file,"src/boss/boss_router_controller.erl"},{line,182}]},{boss_router_controller,handle_call,3,[{file,"src/boss/boss_router_controller.erl"},{line,76}]},{gen_server,try_handle_call,4,[{file,"gen_server.erl"},{line,629}]},{gen_server,handle_msg,5,[{file,"gen_server.erl"},{line,661}]},{proc_lib,init_p_do_apply,3,[{file,"proc_lib.erl"},{line,240}]}]},[{gen_server,terminate,7,[{file,"gen_server.erl"},{line,826}]},{proc_lib,init_p_do_apply,3,[{file,"proc_lib.erl"},{line,240}]}]}
    ancestors: [<0.265.0>,boss_web,boss_sup,<0.92.0>]
    messages: []
    links: [<0.265.0>]
    dictionary: [{boss_environment,development}]
    trap_exit: false
    status: running
    heap_size: 1598
    stack_size: 27
    reductions: 2964
  neighbours:
2016-05-16 16:05:48 =SUPERVISOR REPORT====
     Supervisor: {<0.265.0>,boss_router_sup}
     Context:    child_terminated
     Reason:     {badarg,[{erlang,list_to_atom,[undefined],[]},{boss_router_controller,route,2,[{file,"src/boss/boss_router_controller.erl"},{line,182}]},{boss_router_controller,handle_call,3,[{file,"src/boss/boss_router_controller.erl"},{line,76}]},{gen_server,try_handle_call,4,[{file,"gen_server.erl"},{line,629}]},{gen_server,handle_msg,5,[{file,"gen_server.erl"},{line,661}]},{proc_lib,init_p_do_apply,3,[{file,"proc_lib.erl"},{line,240}]}]}
     Offender:   [{pid,<0.266.0>},{id,router_controller},{mfargs,{boss_router_controller,start_link,[[{application,letrassolidarias},{controllers,["ls_index_controller"]}]]}},{restart_type,permanent},{shutdown,2000},{child_type,worker}]

2016-05-16 16:06:45 =ERROR REPORT====
** Generic server <0.281.0> terminating 
** Last message in was {route,"/"}
** When Server state == {state,letrassolidarias,["ls_index_controller"],57376,61471,65566}
** Reason for termination == 
** {badarg,[{erlang,list_to_atom,[undefined],[]},{boss_router_controller,route,2,[{file,"src/boss/boss_router_controller.erl"},{line,182}]},{boss_router_controller,handle_call,3,[{file,"src/boss/boss_router_controller.erl"},{line,76}]},{gen_server,try_handle_call,4,[{file,"gen_server.erl"},{line,629}]},{gen_server,handle_msg,5,[{file,"gen_server.erl"},{line,661}]},{proc_lib,init_p_do_apply,3,[{file,"proc_lib.erl"},{line,240}]}]}
2016-05-16 16:06:45 =CRASH REPORT====
  crasher:
    initial call: boss_router_controller:init/1
    pid: <0.281.0>
    registered_name: []
    exception exit: {{badarg,[{erlang,list_to_atom,[undefined],[]},{boss_router_controller,route,2,[{file,"src/boss/boss_router_controller.erl"},{line,182}]},{boss_router_controller,handle_call,3,[{file,"src/boss/boss_router_controller.erl"},{line,76}]},{gen_server,try_handle_call,4,[{file,"gen_server.erl"},{line,629}]},{gen_server,handle_msg,5,[{file,"gen_server.erl"},{line,661}]},{proc_lib,init_p_do_apply,3,[{file,"proc_lib.erl"},{line,240}]}]},[{gen_server,terminate,7,[{file,"gen_server.erl"},{line,826}]},{proc_lib,init_p_do_apply,3,[{file,"proc_lib.erl"},{line,240}]}]}
    ancestors: [<0.265.0>,boss_web,boss_sup,<0.92.0>]
    messages: []
    links: [<0.265.0>]
    dictionary: [{boss_environment,development}]
    trap_exit: false
    status: running
    heap_size: 1598
    stack_size: 27
    reductions: 2749
  neighbours:
2016-05-16 16:06:45 =SUPERVISOR REPORT====
     Supervisor: {<0.265.0>,boss_router_sup}
     Context:    child_terminated
     Reason:     {badarg,[{erlang,list_to_atom,[undefined],[]},{boss_router_controller,route,2,[{file,"src/boss/boss_router_controller.erl"},{line,182}]},{boss_router_controller,handle_call,3,[{file,"src/boss/boss_router_controller.erl"},{line,76}]},{gen_server,try_handle_call,4,[{file,"gen_server.erl"},{line,629}]},{gen_server,handle_msg,5,[{file,"gen_server.erl"},{line,661}]},{proc_lib,init_p_do_apply,3,[{file,"proc_lib.erl"},{line,240}]}]}
     Offender:   [{pid,<0.281.0>},{id,router_controller},{mfargs,{boss_router_controller,start_link,[[{application,letrassolidarias},{controllers,["ls_index_controller"]}]]}},{restart_type,permanent},{shutdown,2000},{child_type,worker}]

2016-05-16 16:06:46 =ERROR REPORT====
** Generic server <0.288.0> terminating 
** Last message in was {route,"/"}
** When Server state == {state,letrassolidarias,["ls_index_controller"],69662,73759,77856}
** Reason for termination == 
** {badarg,[{erlang,list_to_atom,[undefined],[]},{boss_router_controller,route,2,[{file,"src/boss/boss_router_controller.erl"},{line,182}]},{boss_router_controller,handle_call,3,[{file,"src/boss/boss_router_controller.erl"},{line,76}]},{gen_server,try_handle_call,4,[{file,"gen_server.erl"},{line,629}]},{gen_server,handle_msg,5,[{file,"gen_server.erl"},{line,661}]},{proc_lib,init_p_do_apply,3,[{file,"proc_lib.erl"},{line,240}]}]}
2016-05-16 16:06:46 =CRASH REPORT====
  crasher:
    initial call: boss_router_controller:init/1
    pid: <0.288.0>
    registered_name: []
    exception exit: {{badarg,[{erlang,list_to_atom,[undefined],[]},{boss_router_controller,route,2,[{file,"src/boss/boss_router_controller.erl"},{line,182}]},{boss_router_controller,handle_call,3,[{file,"src/boss/boss_router_controller.erl"},{line,76}]},{gen_server,try_handle_call,4,[{file,"gen_server.erl"},{line,629}]},{gen_server,handle_msg,5,[{file,"gen_server.erl"},{line,661}]},{proc_lib,init_p_do_apply,3,[{file,"proc_lib.erl"},{line,240}]}]},[{gen_server,terminate,7,[{file,"gen_server.erl"},{line,826}]},{proc_lib,init_p_do_apply,3,[{file,"proc_lib.erl"},{line,240}]}]}
    ancestors: [<0.265.0>,boss_web,boss_sup,<0.92.0>]
    messages: []
    links: [<0.265.0>]
    dictionary: [{boss_environment,development}]
    trap_exit: false
    status: running
    heap_size: 1598
    stack_size: 27
    reductions: 2749
  neighbours:
2016-05-16 16:06:46 =SUPERVISOR REPORT====
     Supervisor: {<0.265.0>,boss_router_sup}
     Context:    child_terminated
     Reason:     {badarg,[{erlang,list_to_atom,[undefined],[]},{boss_router_controller,route,2,[{file,"src/boss/boss_router_controller.erl"},{line,182}]},{boss_router_controller,handle_call,3,[{file,"src/boss/boss_router_controller.erl"},{line,76}]},{gen_server,try_handle_call,4,[{file,"gen_server.erl"},{line,629}]},{gen_server,handle_msg,5,[{file,"gen_server.erl"},{line,661}]},{proc_lib,init_p_do_apply,3,[{file,"proc_lib.erl"},{line,240}]}]}
     Offender:   [{pid,<0.288.0>},{id,router_controller},{mfargs,{boss_router_controller,start_link,[[{application,letrassolidarias},{controllers,["ls_index_controller"]}]]}},{restart_type,permanent},{shutdown,2000},{child_type,worker}]

2016-05-16 16:07:16 =ERROR REPORT====
** Generic server <0.266.0> terminating 
** Last message in was {route,"/"}
** When Server state == {state,letrassolidarias,["ls_index_controller"],45086,49183,53280}
** Reason for termination == 
** {badarg,[{erlang,list_to_atom,[undefined],[]},{boss_router_controller,route,2,[{file,"src/boss/boss_router_controller.erl"},{line,182}]},{boss_router_controller,handle_call,3,[{file,"src/boss/boss_router_controller.erl"},{line,76}]},{gen_server,try_handle_call,4,[{file,"gen_server.erl"},{line,629}]},{gen_server,handle_msg,5,[{file,"gen_server.erl"},{line,661}]},{proc_lib,init_p_do_apply,3,[{file,"proc_lib.erl"},{line,240}]}]}
2016-05-16 16:07:17 =CRASH REPORT====
  crasher:
    initial call: boss_router_controller:init/1
    pid: <0.266.0>
    registered_name: []
    exception exit: {{badarg,[{erlang,list_to_atom,[undefined],[]},{boss_router_controller,route,2,[{file,"src/boss/boss_router_controller.erl"},{line,182}]},{boss_router_controller,handle_call,3,[{file,"src/boss/boss_router_controller.erl"},{line,76}]},{gen_server,try_handle_call,4,[{file,"gen_server.erl"},{line,629}]},{gen_server,handle_msg,5,[{file,"gen_server.erl"},{line,661}]},{proc_lib,init_p_do_apply,3,[{file,"proc_lib.erl"},{line,240}]}]},[{gen_server,terminate,7,[{file,"gen_server.erl"},{line,826}]},{proc_lib,init_p_do_apply,3,[{file,"proc_lib.erl"},{line,240}]}]}
    ancestors: [<0.265.0>,boss_web,boss_sup,<0.92.0>]
    messages: []
    links: [<0.265.0>]
    dictionary: [{boss_environment,development}]
    trap_exit: false
    status: running
    heap_size: 1598
    stack_size: 27
    reductions: 2765
  neighbours:
2016-05-16 16:07:17 =SUPERVISOR REPORT====
     Supervisor: {<0.265.0>,boss_router_sup}
     Context:    child_terminated
     Reason:     {badarg,[{erlang,list_to_atom,[undefined],[]},{boss_router_controller,route,2,[{file,"src/boss/boss_router_controller.erl"},{line,182}]},{boss_router_controller,handle_call,3,[{file,"src/boss/boss_router_controller.erl"},{line,76}]},{gen_server,try_handle_call,4,[{file,"gen_server.erl"},{line,629}]},{gen_server,handle_msg,5,[{file,"gen_server.erl"},{line,661}]},{proc_lib,init_p_do_apply,3,[{file,"proc_lib.erl"},{line,240}]}]}
     Offender:   [{pid,<0.266.0>},{id,router_controller},{mfargs,{boss_router_controller,start_link,[[{application,letrassolidarias},{controllers,["ls_index_controller"]}]]}},{restart_type,permanent},{shutdown,2000},{child_type,worker}]

2016-05-16 16:08:27 =ERROR REPORT====
** Generic server <0.277.0> terminating 
** Last message in was {route,"/"}
** When Server state == {state,letrassolidarias,["letrassolidarias_index_controller","ls_index_controller"],57376,61471,65566}
** Reason for termination == 
** {'module could not be loaded',[{letrassolidarias_index_controller,module_info,[exports],[]},{boss_controller_lib,convert_params_to_tokens,3,[{file,"src/boss/boss_controller_lib.erl"},{line,17}]},{boss_router_controller,route,2,[{file,"src/boss/boss_router_controller.erl"},{line,183}]},{boss_router_controller,handle_call,3,[{file,"src/boss/boss_router_controller.erl"},{line,76}]},{gen_server,try_handle_call,4,[{file,"gen_server.erl"},{line,629}]},{gen_server,handle_msg,5,[{file,"gen_server.erl"},{line,661}]},{proc_lib,init_p_do_apply,3,[{file,"proc_lib.erl"},{line,240}]}]}
2016-05-16 16:08:27 =CRASH REPORT====
  crasher:
    initial call: boss_router_controller:init/1
    pid: <0.277.0>
    registered_name: []
    exception exit: {{undef,[{letrassolidarias_index_controller,module_info,[exports],[]},{boss_controller_lib,convert_params_to_tokens,3,[{file,"src/boss/boss_controller_lib.erl"},{line,17}]},{boss_router_controller,route,2,[{file,"src/boss/boss_router_controller.erl"},{line,183}]},{boss_router_controller,handle_call,3,[{file,"src/boss/boss_router_controller.erl"},{line,76}]},{gen_server,try_handle_call,4,[{file,"gen_server.erl"},{line,629}]},{gen_server,handle_msg,5,[{file,"gen_server.erl"},{line,661}]},{proc_lib,init_p_do_apply,3,[{file,"proc_lib.erl"},{line,240}]}]},[{gen_server,terminate,7,[{file,"gen_server.erl"},{line,826}]},{proc_lib,init_p_do_apply,3,[{file,"proc_lib.erl"},{line,240}]}]}
    ancestors: [<0.265.0>,boss_web,boss_sup,<0.92.0>]
    messages: []
    links: [<0.265.0>]
    dictionary: [{boss_environment,development}]
    trap_exit: false
    status: running
    heap_size: 2586
    stack_size: 27
    reductions: 2680
  neighbours:
2016-05-16 16:08:27 =SUPERVISOR REPORT====
     Supervisor: {<0.265.0>,boss_router_sup}
     Context:    child_terminated
     Reason:     {undef,[{letrassolidarias_index_controller,module_info,[exports],[]},{boss_controller_lib,convert_params_to_tokens,3,[{file,"src/boss/boss_controller_lib.erl"},{line,17}]},{boss_router_controller,route,2,[{file,"src/boss/boss_router_controller.erl"},{line,183}]},{boss_router_controller,handle_call,3,[{file,"src/boss/boss_router_controller.erl"},{line,76}]},{gen_server,try_handle_call,4,[{file,"gen_server.erl"},{line,629}]},{gen_server,handle_msg,5,[{file,"gen_server.erl"},{line,661}]},{proc_lib,init_p_do_apply,3,[{file,"proc_lib.erl"},{line,240}]}]}
     Offender:   [{pid,<0.277.0>},{id,router_controller},{mfargs,{boss_router_controller,start_link,[[{application,letrassolidarias},{controllers,["ls_index_controller"]}]]}},{restart_type,permanent},{shutdown,2000},{child_type,worker}]

2016-05-16 16:40:43 =ERROR REPORT====
Ranch listener http had connection process started with cowboy_protocol:start_link/4 at <0.283.0> exit with reason: [{reason,"Error building response"},{mfa,{cowboy_simple_bridge_anchor,handle,2}},{stacktrace,[{boss_simple_bridge_handler,run,1,[{file,"src/boss/boss_simple_bridge_handler.erl"},{line,30}]},{cowboy_simple_bridge_anchor,handle,2,[{file,"src/cowboy_bridge_modules/cowboy_simple_bridge_anchor.erl"},{line,34}]},{cowboy_handler,handler_handle,4,[{file,"src/cowboy_handler.erl"},{line,111}]},{cowboy_protocol,execute,4,[{file,"src/cowboy_protocol.erl"},{line,442}]}]},{req,[{socket,#Port<0.30885>},{transport,ranch_tcp},{connection,keepalive},{pid,<0.283.0>},{method,<<"GET">>},{version,'HTTP/1.1'},{peer,{{127,0,0,1},3036}},{host,<<"localhost">>},{host_info,undefined},{port,8001},{path,<<"/usuario/todos">>},{path_info,undefined},{qs,<<>>},{qs_vals,undefined},{bindings,[]},{headers,[{<<"host">>,<<"localhost:8001">>},{<<"connection">>,<<"keep-alive">>},{<<"cache-control">>,<<"max-age=0">>},{<<"accept">>,<<"text/html,application/xhtml+xml,application/xml;q=0.9,image/webp,*/*;q=0.8">>},{<<"upgrade-insecure-requests">>,<<"1">>},{<<"user-agent">>,<<"Mozilla/5.0 (Windows NT 10.0; WOW64) AppleWebKit/537.36 (KHTML, like Gecko) Chrome/50.0.2661.102 Safari/537.36">>},{<<"accept-encoding">>,<<"gzip, deflate, sdch">>},{<<"accept-language">>,<<"pt-PT,pt;q=0.8,en-US;q=0.6,en;q=0.4">>}]},{p_headers,[{<<"connection">>,[<<"keep-alive">>]}]},{cookies,undefined},{meta,[]},{body_state,waiting},{buffer,<<>>},{multipart,undefined},{resp_compress,false},{resp_state,waiting},{resp_headers,[]},{resp_body,<<>>},{onresponse,undefined}]},{state,[]}]
2016-05-16 16:45:37 =ERROR REPORT====
Ranch listener http had connection process started with cowboy_protocol:start_link/4 at <0.288.0> exit with reason: [{reason,"Error building response"},{mfa,{cowboy_simple_bridge_anchor,handle,2}},{stacktrace,[{boss_simple_bridge_handler,run,1,[{file,"src/boss/boss_simple_bridge_handler.erl"},{line,30}]},{cowboy_simple_bridge_anchor,handle,2,[{file,"src/cowboy_bridge_modules/cowboy_simple_bridge_anchor.erl"},{line,34}]},{cowboy_handler,handler_handle,4,[{file,"src/cowboy_handler.erl"},{line,111}]},{cowboy_protocol,execute,4,[{file,"src/cowboy_protocol.erl"},{line,442}]}]},{req,[{socket,#Port<0.30892>},{transport,ranch_tcp},{connection,keepalive},{pid,<0.288.0>},{method,<<"GET">>},{version,'HTTP/1.1'},{peer,{{127,0,0,1},3478}},{host,<<"localhost">>},{host_info,undefined},{port,8001},{path,<<"/usuario/todos">>},{path_info,undefined},{qs,<<>>},{qs_vals,undefined},{bindings,[]},{headers,[{<<"host">>,<<"localhost:8001">>},{<<"connection">>,<<"keep-alive">>},{<<"cache-control">>,<<"max-age=0">>},{<<"accept">>,<<"text/html,application/xhtml+xml,application/xml;q=0.9,image/webp,*/*;q=0.8">>},{<<"upgrade-insecure-requests">>,<<"1">>},{<<"user-agent">>,<<"Mozilla/5.0 (Windows NT 10.0; WOW64) AppleWebKit/537.36 (KHTML, like Gecko) Chrome/50.0.2661.102 Safari/537.36">>},{<<"accept-encoding">>,<<"gzip, deflate, sdch">>},{<<"accept-language">>,<<"pt-PT,pt;q=0.8,en-US;q=0.6,en;q=0.4">>}]},{p_headers,[{<<"connection">>,[<<"keep-alive">>]}]},{cookies,undefined},{meta,[]},{body_state,waiting},{buffer,<<>>},{multipart,undefined},{resp_compress,false},{resp_state,waiting},{resp_headers,[]},{resp_body,<<>>},{onresponse,undefined}]},{state,[]}]
2016-05-16 16:47:12 =ERROR REPORT====
Ranch listener http had connection process started with cowboy_protocol:start_link/4 at <0.292.0> exit with reason: [{reason,"Error building response"},{mfa,{cowboy_simple_bridge_anchor,handle,2}},{stacktrace,[{boss_simple_bridge_handler,run,1,[{file,"src/boss/boss_simple_bridge_handler.erl"},{line,30}]},{cowboy_simple_bridge_anchor,handle,2,[{file,"src/cowboy_bridge_modules/cowboy_simple_bridge_anchor.erl"},{line,34}]},{cowboy_handler,handler_handle,4,[{file,"src/cowboy_handler.erl"},{line,111}]},{cowboy_protocol,execute,4,[{file,"src/cowboy_protocol.erl"},{line,442}]}]},{req,[{socket,#Port<0.31036>},{transport,ranch_tcp},{connection,keepalive},{pid,<0.292.0>},{method,<<"GET">>},{version,'HTTP/1.1'},{peer,{{127,0,0,1},3629}},{host,<<"localhost">>},{host_info,undefined},{port,8001},{path,<<"/usuario/todos">>},{path_info,undefined},{qs,<<>>},{qs_vals,undefined},{bindings,[]},{headers,[{<<"host">>,<<"localhost:8001">>},{<<"connection">>,<<"keep-alive">>},{<<"cache-control">>,<<"max-age=0">>},{<<"accept">>,<<"text/html,application/xhtml+xml,application/xml;q=0.9,image/webp,*/*;q=0.8">>},{<<"upgrade-insecure-requests">>,<<"1">>},{<<"user-agent">>,<<"Mozilla/5.0 (Windows NT 10.0; WOW64) AppleWebKit/537.36 (KHTML, like Gecko) Chrome/50.0.2661.102 Safari/537.36">>},{<<"accept-encoding">>,<<"gzip, deflate, sdch">>},{<<"accept-language">>,<<"pt-PT,pt;q=0.8,en-US;q=0.6,en;q=0.4">>}]},{p_headers,[{<<"connection">>,[<<"keep-alive">>]}]},{cookies,undefined},{meta,[]},{body_state,waiting},{buffer,<<>>},{multipart,undefined},{resp_compress,false},{resp_state,waiting},{resp_headers,[]},{resp_body,<<>>},{onresponse,undefined}]},{state,[]}]
